<?xml version="1.0" encoding="UTF-8"?>
<robot generator="Robot 3.2.2 (Python 3.9.1 on win32)" generated="20210203 10:57:26.508" rpa="false">
<suite id="s1" name="Testcases2" source="C:\Users\user\Desktop\Sections\TestCases\testcases2.robot">
<test id="s1-t1" name="Trial run 2">
<kw name="Title Verification for return Trial" library="instructions">
<arguments>
<arg>${url}</arg>
<arg>${brows}</arg>
</arguments>
<assign>
<var>${res}</var>
</assign>
<kw name="Open Browser" library="SeleniumLibrary">
<doc>Opens a new browser instance to the optional ``url``.</doc>
<arguments>
<arg>${Userurl}</arg>
<arg>${InputBrowser}</arg>
</arguments>
<msg timestamp="20210203 10:57:26.812" level="INFO">Opening browser 'chrome' to base url 'https://testautomationpractice.blogspot.com/'.</msg>
<status status="PASS" starttime="20210203 10:57:26.811" endtime="20210203 10:57:38.626"></status>
</kw>
<kw name="Maximize Browser Window" library="SeleniumLibrary">
<doc>Maximizes current browser window.</doc>
<status status="PASS" starttime="20210203 10:57:38.626" endtime="20210203 10:57:40.791"></status>
</kw>
<kw name="Get Title" library="SeleniumLibrary">
<doc>Returns the title of the current page.</doc>
<assign>
<var>${Title}</var>
</assign>
<msg timestamp="20210203 10:57:40.810" level="INFO">${Title} = Automation Testing Practice</msg>
<status status="PASS" starttime="20210203 10:57:40.792" endtime="20210203 10:57:40.811"></status>
</kw>
<msg timestamp="20210203 10:57:40.811" level="INFO">${res} = Automation Testing Practice</msg>
<status status="PASS" starttime="20210203 10:57:26.811" endtime="20210203 10:57:40.811"></status>
</kw>
<kw name="Log To Console" library="BuiltIn">
<doc>Logs the given message to the console.</doc>
<arguments>
<arg>${res}</arg>
</arguments>
<status status="PASS" starttime="20210203 10:57:40.812" endtime="20210203 10:57:40.814"></status>
</kw>
<timeout value="15 seconds"></timeout>
<status status="PASS" starttime="20210203 10:57:26.808" endtime="20210203 10:57:40.816" critical="yes"></status>
</test>
<status status="PASS" starttime="20210203 10:57:26.510" endtime="20210203 10:57:40.822"></status>
</suite>
<statistics>
<total>
<stat pass="1" fail="0">Critical Tests</stat>
<stat pass="1" fail="0">All Tests</stat>
</total>
<tag>
</tag>
<suite>
<stat pass="1" fail="0" id="s1" name="Testcases2">Testcases2</stat>
</suite>
</statistics>
<errors>
</errors>
</robot>
